<?xml version="1.0" encoding="UTF-8"?>
<testng-results skipped="0" failed="0" total="1" passed="1">
  <reporter-output>
  </reporter-output>
  <suite name="Default suite" duration-ms="26792" started-at="2016-10-21T11:33:46Z" finished-at="2016-10-21T11:34:13Z">
    <groups>
    </groups>
    <test name="Default test" duration-ms="26792" started-at="2016-10-21T11:33:46Z" finished-at="2016-10-21T11:34:13Z">
      <class name="cn.gloryroad.testScripts.TestMail163Login">
        <test-method status="PASS" signature="beforeMethod()[pri:0, instance:cn.gloryroad.testScripts.TestMail163Login@457e2f02]" name="beforeMethod" is-config="true" duration-ms="5292" started-at="2016-10-21T19:33:46Z" finished-at="2016-10-21T19:33:51Z">
          <reporter-output>
          </reporter-output>
        </test-method> <!-- beforeMethod -->
        <test-method status="PASS" signature="testMailLogin()[pri:0, instance:cn.gloryroad.testScripts.TestMail163Login@457e2f02]" name="testMailLogin" duration-ms="21485" started-at="2016-10-21T19:33:51Z" finished-at="2016-10-21T19:34:13Z">
          <reporter-output>
          </reporter-output>
        </test-method> <!-- testMailLogin -->
        <test-method status="PASS" signature="afterMethod()[pri:0, instance:cn.gloryroad.testScripts.TestMail163Login@457e2f02]" name="afterMethod" is-config="true" duration-ms="0" started-at="2016-10-21T19:34:13Z" finished-at="2016-10-21T19:34:13Z">
          <reporter-output>
          </reporter-output>
        </test-method> <!-- afterMethod -->
      </class> <!-- cn.gloryroad.testScripts.TestMail163Login -->
    </test> <!-- Default test -->
  </suite> <!-- Default suite -->
</testng-results>
